<?xml version="1.0" encoding="UTF-8"?>
<!-- Generated by org.testng.reporters.JUnitReportReporter -->
<testsuite skipped="0" hostname="MAHENDRAN-S340" name="com.project.selenium.GroupTestcaseInTestNg" tests="4" failures="0" timestamp="2022-10-18T22:12:05 SGT" time="0.011" errors="0">
  <testcase name="test4" time="0.001" classname="com.project.selenium.GroupTestcaseInTestNg"/>
  <system-out/>
  <testcase name="test1" time="0.007" classname="com.project.selenium.GroupTestcaseInTestNg"/>
  <system-out/>
  <testcase name="test3" time="0.002" classname="com.project.selenium.GroupTestcaseInTestNg"/>
  <system-out/>
  <testcase name="test2" time="0.001" classname="com.project.selenium.GroupTestcaseInTestNg"/>
  <system-out/>
</testsuite> <!-- com.project.selenium.GroupTestcaseInTestNg -->
