<?xml version="1.0" encoding="UTF-8"?>
<!-- Generated by org.testng.reporters.JUnitReportReporter -->
<testsuite skipped="2" hostname="MAHENDRAN-S340" name="com.project.selenium.PriorityOfTestCaseInTestNg" tests="5" failures="0" timestamp="2022-10-18T21:18:50 SGT" time="0.011" errors="0">
  <testcase name="test1" time="0.008" classname="com.project.selenium.PriorityOfTestCaseInTestNg"/>
  <system-out/>
  <testcase name="testZ" time="0.001" classname="com.project.selenium.PriorityOfTestCaseInTestNg">
    <skipped/>
  </testcase> <!-- testZ -->
  <system-out/>
  <testcase name="testB" time="0.001" classname="com.project.selenium.PriorityOfTestCaseInTestNg"/>
  <system-out/>
  <testcase name="testA" time="0.001" classname="com.project.selenium.PriorityOfTestCaseInTestNg"/>
  <system-out/>
  <testcase name="testC" classname="com.project.selenium.PriorityOfTestCaseInTestNg">
    <skipped/>
  </testcase> <!-- testC -->
  <system-out/>
</testsuite> <!-- com.project.selenium.PriorityOfTestCaseInTestNg -->
