<?xml version="1.0" encoding="UTF-8"?>
<!-- Generated by org.testng.reporters.JUnitReportReporter -->
<testsuite skipped="0" hostname="MAHENDRAN-S340" name="com.project.selenium.ParellelExecution" tests="4" failures="0" timestamp="2022-10-19T13:38:48 SGT" time="38.622" errors="0">
  <testcase name="launchBrowserWithAmazon" time="5.931" classname="com.project.selenium.ParellelExecution"/>
  <system-out/>
  <testcase name="launchBrowserWithGoogle" time="2.257" classname="com.project.selenium.ParellelExecution"/>
  <system-out/>
  <testcase name="launchBrowserWithFlipkart" time="24.579" classname="com.project.selenium.ParellelExecution"/>
  <system-out/>
  <testcase name="launchBrowserWityNewTours" time="5.855" classname="com.project.selenium.ParellelExecution"/>
  <system-out/>
</testsuite> <!-- com.project.selenium.ParellelExecution -->
