<?xml version="1.0" encoding="UTF-8"?>
<!-- Generated by org.testng.reporters.JUnitReportReporter -->
<testsuite skipped="0" hostname="MAHENDRAN-S340" name="com.project.selenium.TestNgAnnotationAll" tests="3" failures="0" timestamp="2022-10-16T20:12:45 SGT" time="0.013" errors="0">
  <testcase name="testCase2" time="0.002" classname="com.project.selenium.TestNgAnnotationAll"/>
  <system-out/>
  <testcase name="launchBrowser" time="0.009" classname="com.project.selenium.TestNgAnnotationAll"/>
  <system-out/>
  <testcase name="testCase3" time="0.002" classname="com.project.selenium.TestNgAnnotationAll"/>
  <system-out/>
</testsuite> <!-- com.project.selenium.TestNgAnnotationAll -->
