<?xml version="1.0" encoding="UTF-8"?>
<!-- Generated by org.testng.reporters.JUnitReportReporter -->
<testsuite skipped="0" hostname="MAHENDRAN-S340" name="com.project.selenium.ParellelExecution2" tests="2" failures="0" timestamp="2022-10-19T13:38:48 SGT" time="20.824" errors="0">
  <testcase name="launchBrowserWithTamilgun" time="16.961" classname="com.project.selenium.ParellelExecution2"/>
  <system-out/>
  <testcase name="launchBrowserWithYoutube" time="3.863" classname="com.project.selenium.ParellelExecution2"/>
  <system-out/>
</testsuite> <!-- com.project.selenium.ParellelExecution2 -->
