<?xml version="1.0" encoding="UTF-8"?>
<!-- Generated by org.testng.reporters.JUnitReportReporter -->
<testsuite skipped="0" hostname="MAHENDRAN-S340" name="com.project.selenium.DataProvider" tests="3" failures="0" timestamp="2022-10-17T13:07:58 SGT" time="21.500" errors="0">
  <testcase name="verifyValidLogin1" time="6.885" classname="com.project.selenium.DataProvider"/>
  <system-out/>
  <testcase name="verifyValidLogin1" time="7.825" classname="com.project.selenium.DataProvider"/>
  <system-out/>
  <testcase name="verifyValidLogin1" time="6.790" classname="com.project.selenium.DataProvider"/>
  <system-out/>
</testsuite> <!-- com.project.selenium.DataProvider -->
