<?xml version="1.0" encoding="UTF-8"?>
<!-- Generated by org.testng.reporters.JUnitReportReporter -->
<testsuite skipped="0" hostname="MAHENDRAN-S340" name="com.project.selenium.TestNgAnnotationsAll" tests="1" failures="0" timestamp="2022-10-16T19:28:15 SGT" time="12.604" errors="0">
  <testcase name="launchBrowser" time="12.604" classname="com.project.selenium.TestNgAnnotationsAll"/>
  <system-out/>
</testsuite> <!-- com.project.selenium.TestNgAnnotationsAll -->
