<?xml version="1.0" encoding="UTF-8"?>
<!-- Generated by org.testng.reporters.JUnitReportReporter -->
<testsuite skipped="0" hostname="MAHENDRAN-S340" name="com.project.selenium.LoginScenarionWithListner" tests="2" failures="0" timestamp="2022-10-27T10:29:17 SGT" time="21.136" errors="0">
  <testcase name="logInToNewTours" time="7.525" classname="com.project.selenium.LoginScenarionWithListner"/>
  <system-out>
    <![CDATA[Test Case Started logInToNewTours
Test Case Passed logInToNewTours]]>
  </system-out>
  <testcase name="loginToOrangeLiveHrm" time="13.611" classname="com.project.selenium.LoginScenarionWithListner"/>
  <system-out>
    <![CDATA[Test Case Started loginToOrangeLiveHrm
Test Case Passed loginToOrangeLiveHrm]]>
  </system-out>
</testsuite> <!-- com.project.selenium.LoginScenarionWithListner -->
